<?xml version="1.0" encoding="UTF-8"?>
<!-- Generated by org.testng.reporters.JUnitReportReporter -->
<testsuite hostname="LAPTOP-KL152HJO" failures="0" tests="1" name="Test.LoginTest" time="7.694" errors="0" timestamp="2022-05-04T17:11:42 IST" skipped="0">
  <testcase classname="Test.LoginTest" name="testing1" time="7.694"/>
  <system-out/>
</testsuite> <!-- Test.LoginTest -->
